<?xml version="1.0" encoding="UTF-8"?>
<testsuite name="com.junhyeok.study.springboot.domain.posts.PostsRepositoryTest" tests="1" skipped="0" failures="0" errors="0" timestamp="2022-03-09T07:54:09" hostname="DESKTOP-HOME-BG" time="0.327">
  <properties/>
  <testcase name="BaseTimeEntity_등록()" classname="com.junhyeok.study.springboot.domain.posts.PostsRepositoryTest" time="0.327"/>
  <system-out><![CDATA[16:54:04.033 [Test worker] DEBUG org.springframework.test.context.BootstrapUtils - Instantiating CacheAwareContextLoaderDelegate from class [org.springframework.test.context.cache.DefaultCacheAwareContextLoaderDelegate]
16:54:04.046 [Test worker] DEBUG org.springframework.test.context.BootstrapUtils - Instantiating BootstrapContext using constructor [public org.springframework.test.context.support.DefaultBootstrapContext(java.lang.Class,org.springframework.test.context.CacheAwareContextLoaderDelegate)]
16:54:04.087 [Test worker] DEBUG org.springframework.test.context.BootstrapUtils - Instantiating TestContextBootstrapper for test class [com.junhyeok.study.springboot.domain.posts.PostsRepositoryTest] from class [org.springframework.boot.test.context.SpringBootTestContextBootstrapper]
16:54:04.101 [Test worker] INFO org.springframework.boot.test.context.SpringBootTestContextBootstrapper - Neither @ContextConfiguration nor @ContextHierarchy found for test class [com.junhyeok.study.springboot.domain.posts.PostsRepositoryTest], using SpringBootContextLoader
16:54:04.105 [Test worker] DEBUG org.springframework.test.context.support.AbstractContextLoader - Did not detect default resource location for test class [com.junhyeok.study.springboot.domain.posts.PostsRepositoryTest]: class path resource [com/junhyeok/study/springboot/domain/posts/PostsRepositoryTest-context.xml] does not exist
16:54:04.105 [Test worker] DEBUG org.springframework.test.context.support.AbstractContextLoader - Did not detect default resource location for test class [com.junhyeok.study.springboot.domain.posts.PostsRepositoryTest]: class path resource [com/junhyeok/study/springboot/domain/posts/PostsRepositoryTestContext.groovy] does not exist
16:54:04.106 [Test worker] INFO org.springframework.test.context.support.AbstractContextLoader - Could not detect default resource locations for test class [com.junhyeok.study.springboot.domain.posts.PostsRepositoryTest]: no resource found for suffixes {-context.xml, Context.groovy}.
16:54:04.107 [Test worker] INFO org.springframework.test.context.support.AnnotationConfigContextLoaderUtils - Could not detect default configuration classes for test class [com.junhyeok.study.springboot.domain.posts.PostsRepositoryTest]: PostsRepositoryTest does not declare any static, non-private, non-final, nested classes annotated with @Configuration.
16:54:04.155 [Test worker] DEBUG org.springframework.test.context.support.ActiveProfilesUtils - Could not find an 'annotation declaring class' for annotation type [org.springframework.test.context.ActiveProfiles] and class [com.junhyeok.study.springboot.domain.posts.PostsRepositoryTest]
16:54:04.237 [Test worker] DEBUG org.springframework.context.annotation.ClassPathScanningCandidateComponentProvider - Identified candidate component class: file [C:\Users\wnsdp\IdeaProjects\springboot-webservice\build\classes\java\main\com\junhyeok\study\springboot\Application.class]
16:54:04.238 [Test worker] INFO org.springframework.boot.test.context.SpringBootTestContextBootstrapper - Found @SpringBootConfiguration com.junhyeok.study.springboot.Application for test class com.junhyeok.study.springboot.domain.posts.PostsRepositoryTest
16:54:04.346 [Test worker] DEBUG org.springframework.boot.test.context.SpringBootTestContextBootstrapper - @TestExecutionListeners is not present for class [com.junhyeok.study.springboot.domain.posts.PostsRepositoryTest]: using defaults.
16:54:04.347 [Test worker] INFO org.springframework.boot.test.context.SpringBootTestContextBootstrapper - Loaded default TestExecutionListener class names from location [META-INF/spring.factories]: [org.springframework.security.test.context.support.WithSecurityContextTestExecutionListener, org.springframework.security.test.context.support.ReactorContextTestExecutionListener, org.springframework.boot.test.autoconfigure.restdocs.RestDocsTestExecutionListener, org.springframework.boot.test.autoconfigure.web.client.MockRestServiceServerResetTestExecutionListener, org.springframework.boot.test.autoconfigure.web.servlet.MockMvcPrintOnlyOnFailureTestExecutionListener, org.springframework.boot.test.autoconfigure.web.servlet.WebDriverTestExecutionListener, org.springframework.boot.test.autoconfigure.webservices.client.MockWebServiceServerTestExecutionListener, org.springframework.boot.test.mock.mockito.MockitoTestExecutionListener, org.springframework.boot.test.mock.mockito.ResetMocksTestExecutionListener, org.springframework.test.context.web.ServletTestExecutionListener, org.springframework.test.context.support.DirtiesContextBeforeModesTestExecutionListener, org.springframework.test.context.event.ApplicationEventsTestExecutionListener, org.springframework.test.context.support.DependencyInjectionTestExecutionListener, org.springframework.test.context.support.DirtiesContextTestExecutionListener, org.springframework.test.context.transaction.TransactionalTestExecutionListener, org.springframework.test.context.jdbc.SqlScriptsTestExecutionListener, org.springframework.test.context.event.EventPublishingTestExecutionListener]
16:54:04.369 [Test worker] INFO org.springframework.boot.test.context.SpringBootTestContextBootstrapper - Using TestExecutionListeners: [org.springframework.test.context.web.ServletTestExecutionListener@4578d303, org.springframework.test.context.support.DirtiesContextBeforeModesTestExecutionListener@c672054, org.springframework.test.context.event.ApplicationEventsTestExecutionListener@66238fed, org.springframework.boot.test.mock.mockito.MockitoTestExecutionListener@1481d013, org.springframework.boot.test.autoconfigure.SpringBootDependencyInjectionTestExecutionListener@1762f94b, org.springframework.test.context.support.DirtiesContextTestExecutionListener@22b21e73, org.springframework.test.context.transaction.TransactionalTestExecutionListener@5894b12f, org.springframework.test.context.jdbc.SqlScriptsTestExecutionListener@428fe366, org.springframework.security.test.context.support.WithSecurityContextTestExecutionListener@4227f2dd, org.springframework.test.context.event.EventPublishingTestExecutionListener@70542d6c, org.springframework.security.test.context.support.ReactorContextTestExecutionListener@d34e780, org.springframework.boot.test.autoconfigure.restdocs.RestDocsTestExecutionListener@301db193, org.springframework.boot.test.autoconfigure.web.client.MockRestServiceServerResetTestExecutionListener@4d511c57, org.springframework.boot.test.autoconfigure.web.servlet.MockMvcPrintOnlyOnFailureTestExecutionListener@1c3f77dc, org.springframework.boot.test.autoconfigure.web.servlet.WebDriverTestExecutionListener@361d8b3c, org.springframework.boot.test.autoconfigure.webservices.client.MockWebServiceServerTestExecutionListener@6b512545, org.springframework.boot.test.mock.mockito.ResetMocksTestExecutionListener@2ea73fdc]
16:54:04.374 [Test worker] DEBUG org.springframework.test.context.support.AbstractDirtiesContextTestExecutionListener - Before test class: context [DefaultTestContext@42d6749c testClass = PostsRepositoryTest, testInstance = [null], testMethod = [null], testException = [null], mergedContextConfiguration = [WebMergedContextConfiguration@45d27e58 testClass = PostsRepositoryTest, locations = '{}', classes = '{class com.junhyeok.study.springboot.Application}', contextInitializerClasses = '[]', activeProfiles = '{}', propertySourceLocations = '{}', propertySourceProperties = '{org.springframework.boot.test.context.SpringBootTestContextBootstrapper=true}', contextCustomizers = set[org.springframework.boot.test.autoconfigure.actuate.metrics.MetricsExportContextCustomizerFactory$DisableMetricExportContextCustomizer@2fff94a8, org.springframework.boot.test.autoconfigure.properties.PropertyMappingContextCustomizer@0, org.springframework.boot.test.autoconfigure.web.servlet.WebDriverContextCustomizerFactory$Customizer@905fa64, org.springframework.boot.test.context.filter.ExcludeFilterContextCustomizer@4c4ae3c, org.springframework.boot.test.json.DuplicateJsonObjectContextCustomizerFactory$DuplicateJsonObjectContextCustomizer@48a654bb, org.springframework.boot.test.mock.mockito.MockitoContextCustomizer@0, org.springframework.boot.test.web.client.TestRestTemplateContextCustomizer@3e14723c, org.springframework.boot.test.context.SpringBootTestArgs@1, org.springframework.boot.test.context.SpringBootTestWebEnvironment@3ebc828d], resourceBasePath = 'src/main/webapp', contextLoader = 'org.springframework.boot.test.context.SpringBootContextLoader', parent = [null]], attributes = map['org.springframework.test.context.web.ServletTestExecutionListener.activateListener' -> true]], class annotated with @DirtiesContext [false] with mode [null].

  .   ____          _            __ _ _
 /\\ / ___'_ __ _ _(_)_ __  __ _ \ \ \ \
( ( )\___ | '_ | '_| | '_ \/ _` | \ \ \ \
 \\/  ___)| |_)| | | | | || (_| |  ) ) ) )
  '  |____| .__|_| |_|_| |_\__, | / / / /
 =========|_|==============|___/=/_/_/_/
 :: Spring Boot ::                (v2.6.4)

2022-03-09 16:54:04.697  INFO 3964 --- [    Test worker] c.j.s.s.d.posts.PostsRepositoryTest      : Starting PostsRepositoryTest using Java 11.0.2 on DESKTOP-HOME-BG with PID 3964 (started by wnsdp in C:\Users\wnsdp\IdeaProjects\springboot-webservice)
2022-03-09 16:54:04.698  INFO 3964 --- [    Test worker] c.j.s.s.d.posts.PostsRepositoryTest      : No active profile set, falling back to 1 default profile: "default"
2022-03-09 16:54:05.433  INFO 3964 --- [    Test worker] .s.d.r.c.RepositoryConfigurationDelegate : Bootstrapping Spring Data JPA repositories in DEFAULT mode.
2022-03-09 16:54:05.518  INFO 3964 --- [    Test worker] .s.d.r.c.RepositoryConfigurationDelegate : Finished Spring Data repository scanning in 76 ms. Found 2 JPA repository interfaces.
2022-03-09 16:54:06.213  INFO 3964 --- [    Test worker] com.zaxxer.hikari.HikariDataSource       : HikariPool-1 - Starting...
2022-03-09 16:54:06.440  INFO 3964 --- [    Test worker] com.zaxxer.hikari.HikariDataSource       : HikariPool-1 - Start completed.
2022-03-09 16:54:06.659  INFO 3964 --- [    Test worker] o.hibernate.jpa.internal.util.LogHelper  : HHH000204: Processing PersistenceUnitInfo [name: default]
2022-03-09 16:54:06.738  INFO 3964 --- [    Test worker] org.hibernate.Version                    : HHH000412: Hibernate ORM core version 5.6.5.Final
2022-03-09 16:54:07.118  INFO 3964 --- [    Test worker] o.hibernate.annotations.common.Version   : HCANN000001: Hibernate Commons Annotations {5.1.2.Final}
2022-03-09 16:54:07.364  INFO 3964 --- [    Test worker] org.hibernate.dialect.Dialect            : HHH000400: Using dialect: org.hibernate.dialect.MySQL57Dialect
2022-03-09 16:54:07.962  INFO 3964 --- [    Test worker] o.h.e.t.j.p.i.JtaPlatformInitiator       : HHH000490: Using JtaPlatform implementation: [org.hibernate.engine.transaction.jta.platform.internal.NoJtaPlatform]
2022-03-09 16:54:07.971  INFO 3964 --- [    Test worker] j.LocalContainerEntityManagerFactoryBean : Initialized JPA EntityManagerFactory for persistence unit 'default'
2022-03-09 16:54:08.577  WARN 3964 --- [    Test worker] JpaBaseConfiguration$JpaWebConfiguration : spring.jpa.open-in-view is enabled by default. Therefore, database queries may be performed during view rendering. Explicitly configure spring.jpa.open-in-view to disable this warning
2022-03-09 16:54:09.083  INFO 3964 --- [    Test worker] o.s.s.web.DefaultSecurityFilterChain     : Will not secure any request
2022-03-09 16:54:09.574  INFO 3964 --- [    Test worker] o.s.b.a.w.s.WelcomePageHandlerMapping    : Adding welcome page template: index
2022-03-09 16:54:09.969  INFO 3964 --- [    Test worker] s.a.ScheduledAnnotationBeanPostProcessor : No TaskScheduler/ScheduledExecutorService bean found for scheduled processing
2022-03-09 16:54:09.978  INFO 3964 --- [    Test worker] c.j.s.s.d.posts.PostsRepositoryTest      : Started PostsRepositoryTest in 5.567 seconds (JVM running for 6.79)
>>>>>>>>>> createDate=2022-03-09T16:54:10.140460, modifiedDate=2022-03-09T16:54:10.140460
]]></system-out>
  <system-err><![CDATA[]]></system-err>
</testsuite>
