<?xml version="1.0" encoding="UTF-8"?>
<testsuite name="com.junhyeok.study.springboot.web.IndexControllerTest" tests="1" skipped="0" failures="0" errors="0" timestamp="2022-03-06T09:10:25" hostname="DESKTOP-HOME-BG" time="0.153">
  <properties/>
  <testcase name="메인페이지_로딩()" classname="com.junhyeok.study.springboot.web.IndexControllerTest" time="0.153"/>
  <system-out><![CDATA[2022-03-06 18:10:24.286  INFO 10532 --- [    Test worker] .b.t.c.SpringBootTestContextBootstrapper : Neither @ContextConfiguration nor @ContextHierarchy found for test class [com.junhyeok.study.springboot.web.IndexControllerTest], using SpringBootContextLoader
2022-03-06 18:10:24.288  INFO 10532 --- [    Test worker] o.s.t.c.support.AbstractContextLoader    : Could not detect default resource locations for test class [com.junhyeok.study.springboot.web.IndexControllerTest]: no resource found for suffixes {-context.xml, Context.groovy}.
2022-03-06 18:10:24.288  INFO 10532 --- [    Test worker] t.c.s.AnnotationConfigContextLoaderUtils : Could not detect default configuration classes for test class [com.junhyeok.study.springboot.web.IndexControllerTest]: IndexControllerTest does not declare any static, non-private, non-final, nested classes annotated with @Configuration.
2022-03-06 18:10:24.291  INFO 10532 --- [    Test worker] .b.t.c.SpringBootTestContextBootstrapper : Found @SpringBootConfiguration com.junhyeok.study.springboot.Application for test class com.junhyeok.study.springboot.web.IndexControllerTest
2022-03-06 18:10:24.294  INFO 10532 --- [    Test worker] .b.t.c.SpringBootTestContextBootstrapper : Loaded default TestExecutionListener class names from location [META-INF/spring.factories]: [org.springframework.security.test.context.support.WithSecurityContextTestExecutionListener, org.springframework.security.test.context.support.ReactorContextTestExecutionListener, org.springframework.boot.test.autoconfigure.restdocs.RestDocsTestExecutionListener, org.springframework.boot.test.autoconfigure.web.client.MockRestServiceServerResetTestExecutionListener, org.springframework.boot.test.autoconfigure.web.servlet.MockMvcPrintOnlyOnFailureTestExecutionListener, org.springframework.boot.test.autoconfigure.web.servlet.WebDriverTestExecutionListener, org.springframework.boot.test.autoconfigure.webservices.client.MockWebServiceServerTestExecutionListener, org.springframework.boot.test.mock.mockito.MockitoTestExecutionListener, org.springframework.boot.test.mock.mockito.ResetMocksTestExecutionListener, org.springframework.test.context.web.ServletTestExecutionListener, org.springframework.test.context.support.DirtiesContextBeforeModesTestExecutionListener, org.springframework.test.context.event.ApplicationEventsTestExecutionListener, org.springframework.test.context.support.DependencyInjectionTestExecutionListener, org.springframework.test.context.support.DirtiesContextTestExecutionListener, org.springframework.test.context.transaction.TransactionalTestExecutionListener, org.springframework.test.context.jdbc.SqlScriptsTestExecutionListener, org.springframework.test.context.event.EventPublishingTestExecutionListener]
2022-03-06 18:10:24.296  INFO 10532 --- [    Test worker] .b.t.c.SpringBootTestContextBootstrapper : Using TestExecutionListeners: [org.springframework.test.context.web.ServletTestExecutionListener@35ed775a, org.springframework.test.context.support.DirtiesContextBeforeModesTestExecutionListener@16d97871, org.springframework.test.context.event.ApplicationEventsTestExecutionListener@7efbf832, org.springframework.boot.test.mock.mockito.MockitoTestExecutionListener@26d678b7, org.springframework.boot.test.autoconfigure.SpringBootDependencyInjectionTestExecutionListener@78df9c90, org.springframework.test.context.support.DirtiesContextTestExecutionListener@2598690a, org.springframework.test.context.transaction.TransactionalTestExecutionListener@4032fe3, org.springframework.test.context.jdbc.SqlScriptsTestExecutionListener@1105fc14, org.springframework.security.test.context.support.WithSecurityContextTestExecutionListener@153ad9b8, org.springframework.test.context.event.EventPublishingTestExecutionListener@738c322c, org.springframework.security.test.context.support.ReactorContextTestExecutionListener@6eed7789, org.springframework.boot.test.autoconfigure.restdocs.RestDocsTestExecutionListener@5036c31c, org.springframework.boot.test.autoconfigure.web.client.MockRestServiceServerResetTestExecutionListener@130227bb, org.springframework.boot.test.autoconfigure.web.servlet.MockMvcPrintOnlyOnFailureTestExecutionListener@10d7aa5, org.springframework.boot.test.autoconfigure.web.servlet.WebDriverTestExecutionListener@4590432, org.springframework.boot.test.autoconfigure.webservices.client.MockWebServiceServerTestExecutionListener@62911986, org.springframework.boot.test.mock.mockito.ResetMocksTestExecutionListener@602cd590]

  .   ____          _            __ _ _
 /\\ / ___'_ __ _ _(_)_ __  __ _ \ \ \ \
( ( )\___ | '_ | '_| | '_ \/ _` | \ \ \ \
 \\/  ___)| |_)| | | | | || (_| |  ) ) ) )
  '  |____| .__|_| |_|_| |_\__, | / / / /
 =========|_|==============|___/=/_/_/_/
 :: Spring Boot ::                (v2.6.4)

2022-03-06 18:10:24.325  INFO 10532 --- [    Test worker] c.j.s.s.web.IndexControllerTest          : Starting IndexControllerTest using Java 11.0.2 on DESKTOP-HOME-BG with PID 10532 (started by wnsdp in C:\Users\wnsdp\IdeaProjects\springboot-webservice)
2022-03-06 18:10:24.326  INFO 10532 --- [    Test worker] c.j.s.s.web.IndexControllerTest          : No active profile set, falling back to 1 default profile: "default"
2022-03-06 18:10:24.531  INFO 10532 --- [    Test worker] .s.d.r.c.RepositoryConfigurationDelegate : Bootstrapping Spring Data JPA repositories in DEFAULT mode.
2022-03-06 18:10:24.548  INFO 10532 --- [    Test worker] .s.d.r.c.RepositoryConfigurationDelegate : Finished Spring Data repository scanning in 17 ms. Found 2 JPA repository interfaces.
2022-03-06 18:10:24.827  INFO 10532 --- [    Test worker] o.s.b.w.embedded.tomcat.TomcatWebServer  : Tomcat initialized with port(s): 0 (http)
2022-03-06 18:10:24.837  INFO 10532 --- [    Test worker] o.apache.catalina.core.StandardService   : Starting service [Tomcat]
2022-03-06 18:10:24.838  INFO 10532 --- [    Test worker] org.apache.catalina.core.StandardEngine  : Starting Servlet engine: [Apache Tomcat/9.0.58]
2022-03-06 18:10:24.964  INFO 10532 --- [    Test worker] o.a.c.c.C.[Tomcat].[localhost].[/]       : Initializing Spring embedded WebApplicationContext
2022-03-06 18:10:24.964  INFO 10532 --- [    Test worker] w.s.c.ServletWebServerApplicationContext : Root WebApplicationContext: initialization completed in 636 ms
2022-03-06 18:10:25.093  INFO 10532 --- [    Test worker] com.zaxxer.hikari.HikariDataSource       : HikariPool-2 - Starting...
2022-03-06 18:10:25.094  INFO 10532 --- [    Test worker] com.zaxxer.hikari.HikariDataSource       : HikariPool-2 - Start completed.
2022-03-06 18:10:25.134  INFO 10532 --- [    Test worker] o.hibernate.jpa.internal.util.LogHelper  : HHH000204: Processing PersistenceUnitInfo [name: default]
2022-03-06 18:10:25.145  INFO 10532 --- [    Test worker] org.hibernate.dialect.Dialect            : HHH000400: Using dialect: org.hibernate.dialect.MySQL57Dialect
2022-03-06 18:10:25.194  INFO 10532 --- [    Test worker] o.h.e.t.j.p.i.JtaPlatformInitiator       : HHH000490: Using JtaPlatform implementation: [org.hibernate.engine.transaction.jta.platform.internal.NoJtaPlatform]
2022-03-06 18:10:25.194  INFO 10532 --- [    Test worker] j.LocalContainerEntityManagerFactoryBean : Initialized JPA EntityManagerFactory for persistence unit 'default'
2022-03-06 18:10:25.397  WARN 10532 --- [    Test worker] JpaBaseConfiguration$JpaWebConfiguration : spring.jpa.open-in-view is enabled by default. Therefore, database queries may be performed during view rendering. Explicitly configure spring.jpa.open-in-view to disable this warning
2022-03-06 18:10:25.548  INFO 10532 --- [    Test worker] o.s.s.web.DefaultSecurityFilterChain     : Will not secure any request
2022-03-06 18:10:25.677  INFO 10532 --- [    Test worker] o.s.b.a.w.s.WelcomePageHandlerMapping    : Adding welcome page template: index
2022-03-06 18:10:25.854  INFO 10532 --- [    Test worker] o.s.b.w.embedded.tomcat.TomcatWebServer  : Tomcat started on port(s): 52892 (http) with context path ''
2022-03-06 18:10:25.857  INFO 10532 --- [    Test worker] s.a.ScheduledAnnotationBeanPostProcessor : No TaskScheduler/ScheduledExecutorService bean found for scheduled processing
2022-03-06 18:10:25.858  INFO 10532 --- [    Test worker] c.j.s.s.web.IndexControllerTest          : Started IndexControllerTest in 1.558 seconds (JVM running for 8.96)
2022-03-06 18:10:25.938  INFO 10532 --- [o-auto-1-exec-1] o.a.c.c.C.[Tomcat].[localhost].[/]       : Initializing Spring DispatcherServlet 'dispatcherServlet'
2022-03-06 18:10:25.938  INFO 10532 --- [o-auto-1-exec-1] o.s.web.servlet.DispatcherServlet        : Initializing Servlet 'dispatcherServlet'
2022-03-06 18:10:25.938  INFO 10532 --- [o-auto-1-exec-1] o.s.web.servlet.DispatcherServlet        : Completed initialization in 0 ms
]]></system-out>
  <system-err><![CDATA[]]></system-err>
</testsuite>
