<?xml version="1.0" encoding="UTF-8"?>
<testsuite name="com.junhyeok.study.springboot.web.PostsApiControllerTest" tests="2" skipped="0" failures="0" errors="0" timestamp="2022-03-08T06:48:33" hostname="DESKTOP-COMPANY" time="0.092">
  <properties/>
  <testcase name="Posts_등록된다()" classname="com.junhyeok.study.springboot.web.PostsApiControllerTest" time="0.061"/>
  <testcase name="Posts_수정된다()" classname="com.junhyeok.study.springboot.web.PostsApiControllerTest" time="0.031"/>
  <system-out><![CDATA[2022-03-08 15:48:33.406  INFO 35644 --- [    Test worker] .b.t.c.SpringBootTestContextBootstrapper : Neither @ContextConfiguration nor @ContextHierarchy found for test class [com.junhyeok.study.springboot.web.PostsApiControllerTest], using SpringBootContextLoader
2022-03-08 15:48:33.407  INFO 35644 --- [    Test worker] o.s.t.c.support.AbstractContextLoader    : Could not detect default resource locations for test class [com.junhyeok.study.springboot.web.PostsApiControllerTest]: no resource found for suffixes {-context.xml, Context.groovy}.
2022-03-08 15:48:33.407  INFO 35644 --- [    Test worker] t.c.s.AnnotationConfigContextLoaderUtils : Could not detect default configuration classes for test class [com.junhyeok.study.springboot.web.PostsApiControllerTest]: PostsApiControllerTest does not declare any static, non-private, non-final, nested classes annotated with @Configuration.
2022-03-08 15:48:33.408  INFO 35644 --- [    Test worker] .b.t.c.SpringBootTestContextBootstrapper : Found @SpringBootConfiguration com.junhyeok.study.springboot.Application for test class com.junhyeok.study.springboot.web.PostsApiControllerTest
2022-03-08 15:48:33.409  INFO 35644 --- [    Test worker] .b.t.c.SpringBootTestContextBootstrapper : Loaded default TestExecutionListener class names from location [META-INF/spring.factories]: [org.springframework.security.test.context.support.WithSecurityContextTestExecutionListener, org.springframework.security.test.context.support.ReactorContextTestExecutionListener, org.springframework.boot.test.autoconfigure.restdocs.RestDocsTestExecutionListener, org.springframework.boot.test.autoconfigure.web.client.MockRestServiceServerResetTestExecutionListener, org.springframework.boot.test.autoconfigure.web.servlet.MockMvcPrintOnlyOnFailureTestExecutionListener, org.springframework.boot.test.autoconfigure.web.servlet.WebDriverTestExecutionListener, org.springframework.boot.test.autoconfigure.webservices.client.MockWebServiceServerTestExecutionListener, org.springframework.boot.test.mock.mockito.MockitoTestExecutionListener, org.springframework.boot.test.mock.mockito.ResetMocksTestExecutionListener, org.springframework.test.context.web.ServletTestExecutionListener, org.springframework.test.context.support.DirtiesContextBeforeModesTestExecutionListener, org.springframework.test.context.event.ApplicationEventsTestExecutionListener, org.springframework.test.context.support.DependencyInjectionTestExecutionListener, org.springframework.test.context.support.DirtiesContextTestExecutionListener, org.springframework.test.context.transaction.TransactionalTestExecutionListener, org.springframework.test.context.jdbc.SqlScriptsTestExecutionListener, org.springframework.test.context.event.EventPublishingTestExecutionListener]
2022-03-08 15:48:33.409  INFO 35644 --- [    Test worker] .b.t.c.SpringBootTestContextBootstrapper : Using TestExecutionListeners: [org.springframework.test.context.web.ServletTestExecutionListener@160ab879, org.springframework.test.context.support.DirtiesContextBeforeModesTestExecutionListener@75bbd472, org.springframework.test.context.event.ApplicationEventsTestExecutionListener@65e55a42, org.springframework.boot.test.mock.mockito.MockitoTestExecutionListener@f515418, org.springframework.boot.test.autoconfigure.SpringBootDependencyInjectionTestExecutionListener@4c5bfcfb, org.springframework.test.context.support.DirtiesContextTestExecutionListener@6768a946, org.springframework.test.context.transaction.TransactionalTestExecutionListener@2810d8a3, org.springframework.test.context.jdbc.SqlScriptsTestExecutionListener@2de4b82d, org.springframework.security.test.context.support.WithSecurityContextTestExecutionListener@3ecb254e, org.springframework.test.context.event.EventPublishingTestExecutionListener@1ccb8948, org.springframework.security.test.context.support.ReactorContextTestExecutionListener@32b08fb2, org.springframework.boot.test.autoconfigure.restdocs.RestDocsTestExecutionListener@3a9d7c19, org.springframework.boot.test.autoconfigure.web.client.MockRestServiceServerResetTestExecutionListener@5d9bcf51, org.springframework.boot.test.autoconfigure.web.servlet.MockMvcPrintOnlyOnFailureTestExecutionListener@1dda9c63, org.springframework.boot.test.autoconfigure.web.servlet.WebDriverTestExecutionListener@2ba14d75, org.springframework.boot.test.autoconfigure.webservices.client.MockWebServiceServerTestExecutionListener@7a0d91ac, org.springframework.boot.test.mock.mockito.ResetMocksTestExecutionListener@79ef38fb]
2022-03-08 15:48:33.419  INFO 35644 --- [    Test worker] o.a.c.c.C.[Tomcat].[localhost].[/]       : Initializing Spring TestDispatcherServlet ''
2022-03-08 15:48:33.420  INFO 35644 --- [    Test worker] o.s.t.web.servlet.TestDispatcherServlet  : Initializing Servlet ''
2022-03-08 15:48:33.420  INFO 35644 --- [    Test worker] o.s.t.web.servlet.TestDispatcherServlet  : Completed initialization in 0 ms
2022-03-08 15:48:33.478  INFO 35644 --- [    Test worker] o.a.c.c.C.[Tomcat].[localhost].[/]       : Initializing Spring TestDispatcherServlet ''
2022-03-08 15:48:33.478  INFO 35644 --- [    Test worker] o.s.t.web.servlet.TestDispatcherServlet  : Initializing Servlet ''
2022-03-08 15:48:33.479  INFO 35644 --- [    Test worker] o.s.t.web.servlet.TestDispatcherServlet  : Completed initialization in 1 ms
]]></system-out>
  <system-err><![CDATA[]]></system-err>
</testsuite>
