<?xml version="1.0" encoding="UTF-8"?>
<testsuite name="com.junhyeok.study.springboot.web.HelloControllerTest" tests="2" skipped="0" failures="0" errors="0" timestamp="2022-03-08T06:48:31" hostname="DESKTOP-COMPANY" time="0.148">
  <properties/>
  <testcase name="hello가_리턴된다()" classname="com.junhyeok.study.springboot.web.HelloControllerTest" time="0.057"/>
  <testcase name="helloDto가_리턴된다()" classname="com.junhyeok.study.springboot.web.HelloControllerTest" time="0.09"/>
  <system-out><![CDATA[2022-03-08 15:48:30.845  INFO 35644 --- [    Test worker] .b.t.a.w.s.WebMvcTestContextBootstrapper : Neither @ContextConfiguration nor @ContextHierarchy found for test class [com.junhyeok.study.springboot.web.HelloControllerTest], using SpringBootContextLoader
2022-03-08 15:48:30.846  INFO 35644 --- [    Test worker] o.s.t.c.support.AbstractContextLoader    : Could not detect default resource locations for test class [com.junhyeok.study.springboot.web.HelloControllerTest]: no resource found for suffixes {-context.xml, Context.groovy}.
2022-03-08 15:48:30.846  INFO 35644 --- [    Test worker] t.c.s.AnnotationConfigContextLoaderUtils : Could not detect default configuration classes for test class [com.junhyeok.study.springboot.web.HelloControllerTest]: HelloControllerTest does not declare any static, non-private, non-final, nested classes annotated with @Configuration.
2022-03-08 15:48:30.862  INFO 35644 --- [    Test worker] .b.t.c.SpringBootTestContextBootstrapper : Found @SpringBootConfiguration com.junhyeok.study.springboot.Application for test class com.junhyeok.study.springboot.web.HelloControllerTest
2022-03-08 15:48:30.862  INFO 35644 --- [    Test worker] .b.t.a.w.s.WebMvcTestContextBootstrapper : Loaded default TestExecutionListener class names from location [META-INF/spring.factories]: [org.springframework.security.test.context.support.WithSecurityContextTestExecutionListener, org.springframework.security.test.context.support.ReactorContextTestExecutionListener, org.springframework.boot.test.autoconfigure.restdocs.RestDocsTestExecutionListener, org.springframework.boot.test.autoconfigure.web.client.MockRestServiceServerResetTestExecutionListener, org.springframework.boot.test.autoconfigure.web.servlet.MockMvcPrintOnlyOnFailureTestExecutionListener, org.springframework.boot.test.autoconfigure.web.servlet.WebDriverTestExecutionListener, org.springframework.boot.test.autoconfigure.webservices.client.MockWebServiceServerTestExecutionListener, org.springframework.boot.test.mock.mockito.MockitoTestExecutionListener, org.springframework.boot.test.mock.mockito.ResetMocksTestExecutionListener, org.springframework.test.context.web.ServletTestExecutionListener, org.springframework.test.context.support.DirtiesContextBeforeModesTestExecutionListener, org.springframework.test.context.event.ApplicationEventsTestExecutionListener, org.springframework.test.context.support.DependencyInjectionTestExecutionListener, org.springframework.test.context.support.DirtiesContextTestExecutionListener, org.springframework.test.context.transaction.TransactionalTestExecutionListener, org.springframework.test.context.jdbc.SqlScriptsTestExecutionListener, org.springframework.test.context.event.EventPublishingTestExecutionListener]
2022-03-08 15:48:30.863  INFO 35644 --- [    Test worker] .b.t.a.w.s.WebMvcTestContextBootstrapper : Using TestExecutionListeners: [org.springframework.test.context.web.ServletTestExecutionListener@74bc4894, org.springframework.test.context.support.DirtiesContextBeforeModesTestExecutionListener@70db1555, org.springframework.test.context.event.ApplicationEventsTestExecutionListener@6223b084, org.springframework.boot.test.mock.mockito.MockitoTestExecutionListener@7aca124f, org.springframework.boot.test.autoconfigure.SpringBootDependencyInjectionTestExecutionListener@6c240d6a, org.springframework.test.context.support.DirtiesContextTestExecutionListener@44fdcc06, org.springframework.test.context.transaction.TransactionalTestExecutionListener@3b25e38d, org.springframework.test.context.jdbc.SqlScriptsTestExecutionListener@1157c6cc, org.springframework.security.test.context.support.WithSecurityContextTestExecutionListener@5d54c6d1, org.springframework.test.context.event.EventPublishingTestExecutionListener@77e3bc81, org.springframework.security.test.context.support.ReactorContextTestExecutionListener@634e107b, org.springframework.boot.test.autoconfigure.restdocs.RestDocsTestExecutionListener@4c00db78, org.springframework.boot.test.autoconfigure.web.client.MockRestServiceServerResetTestExecutionListener@3719fe67, org.springframework.boot.test.autoconfigure.web.servlet.MockMvcPrintOnlyOnFailureTestExecutionListener@5df44bb1, org.springframework.boot.test.autoconfigure.web.servlet.WebDriverTestExecutionListener@4e2a55bc, org.springframework.boot.test.autoconfigure.webservices.client.MockWebServiceServerTestExecutionListener@4bb8c1a, org.springframework.boot.test.mock.mockito.ResetMocksTestExecutionListener@7ca9b02c]

  .   ____          _            __ _ _
 /\\ / ___'_ __ _ _(_)_ __  __ _ \ \ \ \
( ( )\___ | '_ | '_| | '_ \/ _` | \ \ \ \
 \\/  ___)| |_)| | | | | || (_| |  ) ) ) )
  '  |____| .__|_| |_|_| |_\__, | / / / /
 =========|_|==============|___/=/_/_/_/
 :: Spring Boot ::                (v2.6.4)

2022-03-08 15:48:30.886  INFO 35644 --- [    Test worker] c.j.s.s.web.HelloControllerTest          : Starting HelloControllerTest using Java 11.0.2 on DESKTOP-COMPANY with PID 35644 (started by HAN in C:\Users\HAN\IdeaProjects\springboot-webservice)
2022-03-08 15:48:30.887  INFO 35644 --- [    Test worker] c.j.s.s.web.HelloControllerTest          : No active profile set, falling back to 1 default profile: "default"
2022-03-08 15:48:31.255  INFO 35644 --- [    Test worker] o.s.b.a.w.s.WelcomePageHandlerMapping    : Adding welcome page template: index
2022-03-08 15:48:31.492  INFO 35644 --- [    Test worker] o.s.s.web.DefaultSecurityFilterChain     : Will not secure any request
2022-03-08 15:48:31.562  INFO 35644 --- [    Test worker] o.s.b.t.m.w.SpringBootMockServletContext : Initializing Spring TestDispatcherServlet ''
2022-03-08 15:48:31.563  INFO 35644 --- [    Test worker] o.s.t.web.servlet.TestDispatcherServlet  : Initializing Servlet ''
2022-03-08 15:48:31.563  INFO 35644 --- [    Test worker] o.s.t.web.servlet.TestDispatcherServlet  : Completed initialization in 0 ms
2022-03-08 15:48:31.575  INFO 35644 --- [    Test worker] c.j.s.s.web.HelloControllerTest          : Started HelloControllerTest in 0.709 seconds (JVM running for 6.956)
]]></system-out>
  <system-err><![CDATA[]]></system-err>
</testsuite>
