<?xml version="1.0" encoding="UTF-8"?>
<testsuite name="com.junhyeok.study.springboot.web.IndexControllerTest" tests="1" skipped="0" failures="0" errors="0" timestamp="2022-03-08T06:48:33" hostname="DESKTOP-COMPANY" time="0.141">
  <properties/>
  <testcase name="메인페이지_로딩()" classname="com.junhyeok.study.springboot.web.IndexControllerTest" time="0.141"/>
  <system-out><![CDATA[2022-03-08 15:48:31.727  INFO 35644 --- [    Test worker] .b.t.c.SpringBootTestContextBootstrapper : Neither @ContextConfiguration nor @ContextHierarchy found for test class [com.junhyeok.study.springboot.web.IndexControllerTest], using SpringBootContextLoader
2022-03-08 15:48:31.728  INFO 35644 --- [    Test worker] o.s.t.c.support.AbstractContextLoader    : Could not detect default resource locations for test class [com.junhyeok.study.springboot.web.IndexControllerTest]: no resource found for suffixes {-context.xml, Context.groovy}.
2022-03-08 15:48:31.728  INFO 35644 --- [    Test worker] t.c.s.AnnotationConfigContextLoaderUtils : Could not detect default configuration classes for test class [com.junhyeok.study.springboot.web.IndexControllerTest]: IndexControllerTest does not declare any static, non-private, non-final, nested classes annotated with @Configuration.
2022-03-08 15:48:31.729  INFO 35644 --- [    Test worker] .b.t.c.SpringBootTestContextBootstrapper : Found @SpringBootConfiguration com.junhyeok.study.springboot.Application for test class com.junhyeok.study.springboot.web.IndexControllerTest
2022-03-08 15:48:31.730  INFO 35644 --- [    Test worker] .b.t.c.SpringBootTestContextBootstrapper : Loaded default TestExecutionListener class names from location [META-INF/spring.factories]: [org.springframework.security.test.context.support.WithSecurityContextTestExecutionListener, org.springframework.security.test.context.support.ReactorContextTestExecutionListener, org.springframework.boot.test.autoconfigure.restdocs.RestDocsTestExecutionListener, org.springframework.boot.test.autoconfigure.web.client.MockRestServiceServerResetTestExecutionListener, org.springframework.boot.test.autoconfigure.web.servlet.MockMvcPrintOnlyOnFailureTestExecutionListener, org.springframework.boot.test.autoconfigure.web.servlet.WebDriverTestExecutionListener, org.springframework.boot.test.autoconfigure.webservices.client.MockWebServiceServerTestExecutionListener, org.springframework.boot.test.mock.mockito.MockitoTestExecutionListener, org.springframework.boot.test.mock.mockito.ResetMocksTestExecutionListener, org.springframework.test.context.web.ServletTestExecutionListener, org.springframework.test.context.support.DirtiesContextBeforeModesTestExecutionListener, org.springframework.test.context.event.ApplicationEventsTestExecutionListener, org.springframework.test.context.support.DependencyInjectionTestExecutionListener, org.springframework.test.context.support.DirtiesContextTestExecutionListener, org.springframework.test.context.transaction.TransactionalTestExecutionListener, org.springframework.test.context.jdbc.SqlScriptsTestExecutionListener, org.springframework.test.context.event.EventPublishingTestExecutionListener]
2022-03-08 15:48:31.731  INFO 35644 --- [    Test worker] .b.t.c.SpringBootTestContextBootstrapper : Using TestExecutionListeners: [org.springframework.test.context.web.ServletTestExecutionListener@70d337a3, org.springframework.test.context.support.DirtiesContextBeforeModesTestExecutionListener@127f4d7, org.springframework.test.context.event.ApplicationEventsTestExecutionListener@6ee8a512, org.springframework.boot.test.mock.mockito.MockitoTestExecutionListener@f675f29, org.springframework.boot.test.autoconfigure.SpringBootDependencyInjectionTestExecutionListener@66601f49, org.springframework.test.context.support.DirtiesContextTestExecutionListener@585fde1e, org.springframework.test.context.transaction.TransactionalTestExecutionListener@73343032, org.springframework.test.context.jdbc.SqlScriptsTestExecutionListener@469fb76a, org.springframework.security.test.context.support.WithSecurityContextTestExecutionListener@206372a7, org.springframework.test.context.event.EventPublishingTestExecutionListener@6eaf79b, org.springframework.security.test.context.support.ReactorContextTestExecutionListener@548de2d4, org.springframework.boot.test.autoconfigure.restdocs.RestDocsTestExecutionListener@6f123bc8, org.springframework.boot.test.autoconfigure.web.client.MockRestServiceServerResetTestExecutionListener@54df8ac7, org.springframework.boot.test.autoconfigure.web.servlet.MockMvcPrintOnlyOnFailureTestExecutionListener@5d8f9e8, org.springframework.boot.test.autoconfigure.web.servlet.WebDriverTestExecutionListener@3ef820c5, org.springframework.boot.test.autoconfigure.webservices.client.MockWebServiceServerTestExecutionListener@40ca80a9, org.springframework.boot.test.mock.mockito.ResetMocksTestExecutionListener@68ebb3c5]

  .   ____          _            __ _ _
 /\\ / ___'_ __ _ _(_)_ __  __ _ \ \ \ \
( ( )\___ | '_ | '_| | '_ \/ _` | \ \ \ \
 \\/  ___)| |_)| | | | | || (_| |  ) ) ) )
  '  |____| .__|_| |_|_| |_\__, | / / / /
 =========|_|==============|___/=/_/_/_/
 :: Spring Boot ::                (v2.6.4)

2022-03-08 15:48:31.760  INFO 35644 --- [    Test worker] c.j.s.s.web.IndexControllerTest          : Starting IndexControllerTest using Java 11.0.2 on DESKTOP-COMPANY with PID 35644 (started by HAN in C:\Users\HAN\IdeaProjects\springboot-webservice)
2022-03-08 15:48:31.760  INFO 35644 --- [    Test worker] c.j.s.s.web.IndexControllerTest          : No active profile set, falling back to 1 default profile: "default"
2022-03-08 15:48:31.942  INFO 35644 --- [    Test worker] .s.d.r.c.RepositoryConfigurationDelegate : Bootstrapping Spring Data JPA repositories in DEFAULT mode.
2022-03-08 15:48:31.962  INFO 35644 --- [    Test worker] .s.d.r.c.RepositoryConfigurationDelegate : Finished Spring Data repository scanning in 19 ms. Found 2 JPA repository interfaces.
2022-03-08 15:48:32.208  INFO 35644 --- [    Test worker] o.s.b.w.embedded.tomcat.TomcatWebServer  : Tomcat initialized with port(s): 0 (http)
2022-03-08 15:48:32.219  INFO 35644 --- [    Test worker] o.apache.catalina.core.StandardService   : Starting service [Tomcat]
2022-03-08 15:48:32.219  INFO 35644 --- [    Test worker] org.apache.catalina.core.StandardEngine  : Starting Servlet engine: [Apache Tomcat/9.0.58]
2022-03-08 15:48:32.337  INFO 35644 --- [    Test worker] o.a.c.c.C.[Tomcat].[localhost].[/]       : Initializing Spring embedded WebApplicationContext
2022-03-08 15:48:32.337  INFO 35644 --- [    Test worker] w.s.c.ServletWebServerApplicationContext : Root WebApplicationContext: initialization completed in 574 ms
2022-03-08 15:48:32.445  INFO 35644 --- [    Test worker] com.zaxxer.hikari.HikariDataSource       : HikariPool-2 - Starting...
2022-03-08 15:48:32.446  INFO 35644 --- [    Test worker] com.zaxxer.hikari.HikariDataSource       : HikariPool-2 - Start completed.
2022-03-08 15:48:32.488  INFO 35644 --- [    Test worker] o.hibernate.jpa.internal.util.LogHelper  : HHH000204: Processing PersistenceUnitInfo [name: default]
2022-03-08 15:48:32.499  INFO 35644 --- [    Test worker] org.hibernate.dialect.Dialect            : HHH000400: Using dialect: org.hibernate.dialect.MySQL57Dialect
2022-03-08 15:48:32.549  INFO 35644 --- [    Test worker] o.h.e.t.j.p.i.JtaPlatformInitiator       : HHH000490: Using JtaPlatform implementation: [org.hibernate.engine.transaction.jta.platform.internal.NoJtaPlatform]
2022-03-08 15:48:32.550  INFO 35644 --- [    Test worker] j.LocalContainerEntityManagerFactoryBean : Initialized JPA EntityManagerFactory for persistence unit 'default'
2022-03-08 15:48:32.751  WARN 35644 --- [    Test worker] JpaBaseConfiguration$JpaWebConfiguration : spring.jpa.open-in-view is enabled by default. Therefore, database queries may be performed during view rendering. Explicitly configure spring.jpa.open-in-view to disable this warning
2022-03-08 15:48:32.955  INFO 35644 --- [    Test worker] o.s.s.web.DefaultSecurityFilterChain     : Will not secure any request
2022-03-08 15:48:33.091  INFO 35644 --- [    Test worker] o.s.b.a.w.s.WelcomePageHandlerMapping    : Adding welcome page template: index
2022-03-08 15:48:33.257  INFO 35644 --- [    Test worker] o.s.b.w.embedded.tomcat.TomcatWebServer  : Tomcat started on port(s): 55508 (http) with context path ''
2022-03-08 15:48:33.260  INFO 35644 --- [    Test worker] s.a.ScheduledAnnotationBeanPostProcessor : No TaskScheduler/ScheduledExecutorService bean found for scheduled processing
2022-03-08 15:48:33.260  INFO 35644 --- [    Test worker] c.j.s.s.web.IndexControllerTest          : Started IndexControllerTest in 1.526 seconds (JVM running for 8.642)
2022-03-08 15:48:33.335  INFO 35644 --- [o-auto-1-exec-1] o.a.c.c.C.[Tomcat].[localhost].[/]       : Initializing Spring DispatcherServlet 'dispatcherServlet'
2022-03-08 15:48:33.336  INFO 35644 --- [o-auto-1-exec-1] o.s.web.servlet.DispatcherServlet        : Initializing Servlet 'dispatcherServlet'
2022-03-08 15:48:33.336  INFO 35644 --- [o-auto-1-exec-1] o.s.web.servlet.DispatcherServlet        : Completed initialization in 0 ms
]]></system-out>
  <system-err><![CDATA[]]></system-err>
</testsuite>
